<?xml version="1.0" encoding="UTF-8" ?>
<testsuites>
  <testsuite errors="1" failures="0" hostname="Yoda" id="0" name="TesteTodos" package="br.upe.war.testes" tests="1" time="0.094" timestamp="2010-06-02T02:32:59">
      <properties>
[...]
</properties>

      <testcase classname="br.upe.war.testes.testeUC02.TesteUC02_R001" name="testeUC02_R001_C001" time="0.062">
          <error type="java.lang.NullPointerException">java.lang.NullPointerException
	at br.upe.war.negocio.comum.FachadaWar.criarSalaJogo(FachadaWar.java:38)
	at br.upe.war.testes.testeUC02.TesteUC02_R001.testeUC02_R001_C001(TesteUC02_R001.java:18)
	at org.eclipse.ant.internal.ui.antsupport.EclipseDefaultExecutor.executeTargets(EclipseDefaultExecutor.java:32)
	at org.eclipse.ant.internal.ui.antsupport.InternalAntRunner.run(InternalAntRunner.java:423)
	at org.eclipse.ant.internal.ui.antsupport.InternalAntRunner.main(InternalAntRunner.java:137)
</error>

      </testcase>

      <system-out><![CDATA[]]></system-out>

      <system-err><![CDATA[]]></system-err>

  </testsuite>
</testsuites>
